<?xml version="1.0" encoding="UTF-8"?>
<testsuite name="com.example.demo.service.ServiceTest" tests="5" skipped="0" failures="0" errors="0" timestamp="2023-06-14T20:14:57" hostname="Fatih-PC" time="0.087">
  <properties/>
  <testcase name="statistiqueSansVoiture()" classname="com.example.demo.service.ServiceTest" time="0.017"/>
  <testcase name="statistiqueDeuxVoiture()" classname="com.example.demo.service.ServiceTest" time="0.017"/>
  <testcase name="statistiqueZeroVoitureAvecSoustraction()" classname="com.example.demo.service.ServiceTest" time="0.011"/>
  <testcase name="statistiqueVoitureAvecMemeID()" classname="com.example.demo.service.ServiceTest" time="0.012"/>
  <testcase name="statistiqueUneVoiture()" classname="com.example.demo.service.ServiceTest" time="0.011"/>
  <system-out><![CDATA[2023-06-14 22:14:54.628  INFO 64039 --- [    Test worker] .b.t.c.SpringBootTestContextBootstrapper : Neither @ContextConfiguration nor @ContextHierarchy found for test class [com.example.demo.service.ServiceTest], using SpringBootContextLoader
2023-06-14 22:14:54.630  INFO 64039 --- [    Test worker] o.s.t.c.support.AbstractContextLoader    : Could not detect default resource locations for test class [com.example.demo.service.ServiceTest]: no resource found for suffixes {-context.xml, Context.groovy}.
2023-06-14 22:14:54.631  INFO 64039 --- [    Test worker] t.c.s.AnnotationConfigContextLoaderUtils : Could not detect default configuration classes for test class [com.example.demo.service.ServiceTest]: ServiceTest does not declare any static, non-private, non-final, nested classes annotated with @Configuration.
2023-06-14 22:14:54.650  INFO 64039 --- [    Test worker] .b.t.c.SpringBootTestContextBootstrapper : Found @SpringBootConfiguration com.example.demo.DemoApplication for test class com.example.demo.service.ServiceTest
2023-06-14 22:14:54.658  INFO 64039 --- [    Test worker] .b.t.c.SpringBootTestContextBootstrapper : Loaded default TestExecutionListener class names from location [META-INF/spring.factories]: [org.springframework.boot.test.autoconfigure.restdocs.RestDocsTestExecutionListener, org.springframework.boot.test.autoconfigure.web.client.MockRestServiceServerResetTestExecutionListener, org.springframework.boot.test.autoconfigure.web.servlet.MockMvcPrintOnlyOnFailureTestExecutionListener, org.springframework.boot.test.autoconfigure.web.servlet.WebDriverTestExecutionListener, org.springframework.boot.test.autoconfigure.webservices.client.MockWebServiceServerTestExecutionListener, org.springframework.boot.test.mock.mockito.MockitoTestExecutionListener, org.springframework.boot.test.mock.mockito.ResetMocksTestExecutionListener, org.springframework.test.context.web.ServletTestExecutionListener, org.springframework.test.context.support.DirtiesContextBeforeModesTestExecutionListener, org.springframework.test.context.event.ApplicationEventsTestExecutionListener, org.springframework.test.context.support.DependencyInjectionTestExecutionListener, org.springframework.test.context.support.DirtiesContextTestExecutionListener, org.springframework.test.context.transaction.TransactionalTestExecutionListener, org.springframework.test.context.jdbc.SqlScriptsTestExecutionListener, org.springframework.test.context.event.EventPublishingTestExecutionListener]
2023-06-14 22:14:54.661  INFO 64039 --- [    Test worker] .b.t.c.SpringBootTestContextBootstrapper : Using TestExecutionListeners: [org.springframework.test.context.web.ServletTestExecutionListener@5b160208, org.springframework.test.context.support.DirtiesContextBeforeModesTestExecutionListener@237bdbcb, org.springframework.test.context.event.ApplicationEventsTestExecutionListener@16a15261, org.springframework.boot.test.mock.mockito.MockitoTestExecutionListener@36ec4071, org.springframework.boot.test.autoconfigure.SpringBootDependencyInjectionTestExecutionListener@5d8112e6, org.springframework.test.context.support.DirtiesContextTestExecutionListener@20d92f1e, org.springframework.test.context.transaction.TransactionalTestExecutionListener@3cf7433e, org.springframework.test.context.jdbc.SqlScriptsTestExecutionListener@68cc6319, org.springframework.test.context.event.EventPublishingTestExecutionListener@3d0f4ac4, org.springframework.boot.test.autoconfigure.restdocs.RestDocsTestExecutionListener@544733a4, org.springframework.boot.test.autoconfigure.web.client.MockRestServiceServerResetTestExecutionListener@522f74a1, org.springframework.boot.test.autoconfigure.web.servlet.MockMvcPrintOnlyOnFailureTestExecutionListener@59700156, org.springframework.boot.test.autoconfigure.web.servlet.WebDriverTestExecutionListener@1e6e29d6, org.springframework.boot.test.autoconfigure.webservices.client.MockWebServiceServerTestExecutionListener@7359f3ac, org.springframework.boot.test.mock.mockito.ResetMocksTestExecutionListener@5afa0b1a]

  .   ____          _            __ _ _
 /\\ / ___'_ __ _ _(_)_ __  __ _ \ \ \ \
( ( )\___ | '_ | '_| | '_ \/ _` | \ \ \ \
 \\/  ___)| |_)| | | | | || (_| |  ) ) ) )
  '  |____| .__|_| |_|_| |_\__, | / / / /
 =========|_|==============|___/=/_/_/_/
 :: Spring Boot ::                (v2.7.9)

2023-06-14 22:14:54.738  INFO 64039 --- [    Test worker] com.example.demo.service.ServiceTest     : Starting ServiceTest using Java 19.0.2 on Fatih-PC with PID 64039 (started by fatih in /home/fatih/Bureau/Qualite_de_developpement-main)
2023-06-14 22:14:54.739  INFO 64039 --- [    Test worker] com.example.demo.service.ServiceTest     : No active profile set, falling back to 1 default profile: "default"
2023-06-14 22:14:55.388  INFO 64039 --- [    Test worker] .s.d.r.c.RepositoryConfigurationDelegate : Bootstrapping Spring Data JPA repositories in DEFAULT mode.
2023-06-14 22:14:55.408  INFO 64039 --- [    Test worker] .s.d.r.c.RepositoryConfigurationDelegate : Finished Spring Data repository scanning in 18 ms. Found 1 JPA repository interfaces.
2023-06-14 22:14:55.907  INFO 64039 --- [    Test worker] com.zaxxer.hikari.HikariDataSource       : HikariPool-3 - Starting...
2023-06-14 22:14:55.911  INFO 64039 --- [    Test worker] com.zaxxer.hikari.HikariDataSource       : HikariPool-3 - Start completed.
2023-06-14 22:14:55.953  INFO 64039 --- [    Test worker] o.hibernate.jpa.internal.util.LogHelper  : HHH000204: Processing PersistenceUnitInfo [name: default]
2023-06-14 22:14:55.969  INFO 64039 --- [    Test worker] org.hibernate.dialect.Dialect            : HHH000400: Using dialect: org.hibernate.dialect.H2Dialect
2023-06-14 22:14:56.083  INFO 64039 --- [    Test worker] o.h.e.t.j.p.i.JtaPlatformInitiator       : HHH000490: Using JtaPlatform implementation: [org.hibernate.engine.transaction.jta.platform.internal.NoJtaPlatform]
2023-06-14 22:14:56.084  INFO 64039 --- [    Test worker] j.LocalContainerEntityManagerFactoryBean : Initialized JPA EntityManagerFactory for persistence unit 'default'
2023-06-14 22:14:56.429  WARN 64039 --- [    Test worker] JpaBaseConfiguration$JpaWebConfiguration : spring.jpa.open-in-view is enabled by default. Therefore, database queries may be performed during view rendering. Explicitly configure spring.jpa.open-in-view to disable this warning
2023-06-14 22:14:57.483  INFO 64039 --- [    Test worker] com.example.demo.service.ServiceTest     : Started ServiceTest in 2.814 seconds (JVM running for 25.067)
]]></system-out>
  <system-err><![CDATA[]]></system-err>
</testsuite>
