<?xml version="1.0" encoding="UTF-8"?>
<testsuite name="com.example.demo.service.ServiceTest" tests="5" skipped="0" failures="0" errors="0" timestamp="2023-06-15T08:33:05" hostname="Fatih-PC" time="0.067">
  <properties/>
  <testcase name="statistiqueSansVoiture()" classname="com.example.demo.service.ServiceTest" time="0.014"/>
  <testcase name="statistiqueDeuxVoiture()" classname="com.example.demo.service.ServiceTest" time="0.012"/>
  <testcase name="statistiqueZeroVoitureAvecSoustraction()" classname="com.example.demo.service.ServiceTest" time="0.009"/>
  <testcase name="statistiqueVoitureAvecMemeID()" classname="com.example.demo.service.ServiceTest" time="0.009"/>
  <testcase name="statistiqueUneVoiture()" classname="com.example.demo.service.ServiceTest" time="0.01"/>
  <system-out><![CDATA[2023-06-15 10:33:03.423  INFO 112869 --- [    Test worker] .b.t.c.SpringBootTestContextBootstrapper : Neither @ContextConfiguration nor @ContextHierarchy found for test class [com.example.demo.service.ServiceTest], using SpringBootContextLoader
2023-06-15 10:33:03.424  INFO 112869 --- [    Test worker] o.s.t.c.support.AbstractContextLoader    : Could not detect default resource locations for test class [com.example.demo.service.ServiceTest]: no resource found for suffixes {-context.xml, Context.groovy}.
2023-06-15 10:33:03.425  INFO 112869 --- [    Test worker] t.c.s.AnnotationConfigContextLoaderUtils : Could not detect default configuration classes for test class [com.example.demo.service.ServiceTest]: ServiceTest does not declare any static, non-private, non-final, nested classes annotated with @Configuration.
2023-06-15 10:33:03.435  INFO 112869 --- [    Test worker] .b.t.c.SpringBootTestContextBootstrapper : Found @SpringBootConfiguration com.example.demo.DemoApplication for test class com.example.demo.service.ServiceTest
2023-06-15 10:33:03.438  INFO 112869 --- [    Test worker] .b.t.c.SpringBootTestContextBootstrapper : Loaded default TestExecutionListener class names from location [META-INF/spring.factories]: [org.springframework.boot.test.autoconfigure.restdocs.RestDocsTestExecutionListener, org.springframework.boot.test.autoconfigure.web.client.MockRestServiceServerResetTestExecutionListener, org.springframework.boot.test.autoconfigure.web.servlet.MockMvcPrintOnlyOnFailureTestExecutionListener, org.springframework.boot.test.autoconfigure.web.servlet.WebDriverTestExecutionListener, org.springframework.boot.test.autoconfigure.webservices.client.MockWebServiceServerTestExecutionListener, org.springframework.boot.test.mock.mockito.MockitoTestExecutionListener, org.springframework.boot.test.mock.mockito.ResetMocksTestExecutionListener, org.springframework.test.context.web.ServletTestExecutionListener, org.springframework.test.context.support.DirtiesContextBeforeModesTestExecutionListener, org.springframework.test.context.event.ApplicationEventsTestExecutionListener, org.springframework.test.context.support.DependencyInjectionTestExecutionListener, org.springframework.test.context.support.DirtiesContextTestExecutionListener, org.springframework.test.context.transaction.TransactionalTestExecutionListener, org.springframework.test.context.jdbc.SqlScriptsTestExecutionListener, org.springframework.test.context.event.EventPublishingTestExecutionListener]
2023-06-15 10:33:03.440  INFO 112869 --- [    Test worker] .b.t.c.SpringBootTestContextBootstrapper : Using TestExecutionListeners: [org.springframework.test.context.web.ServletTestExecutionListener@3d0f4ac4, org.springframework.test.context.support.DirtiesContextBeforeModesTestExecutionListener@544733a4, org.springframework.test.context.event.ApplicationEventsTestExecutionListener@522f74a1, org.springframework.boot.test.mock.mockito.MockitoTestExecutionListener@59700156, org.springframework.boot.test.autoconfigure.SpringBootDependencyInjectionTestExecutionListener@1e6e29d6, org.springframework.test.context.support.DirtiesContextTestExecutionListener@7359f3ac, org.springframework.test.context.transaction.TransactionalTestExecutionListener@5afa0b1a, org.springframework.test.context.jdbc.SqlScriptsTestExecutionListener@3d9cba2, org.springframework.test.context.event.EventPublishingTestExecutionListener@6c167296, org.springframework.boot.test.autoconfigure.restdocs.RestDocsTestExecutionListener@506e382b, org.springframework.boot.test.autoconfigure.web.client.MockRestServiceServerResetTestExecutionListener@5a464be7, org.springframework.boot.test.autoconfigure.web.servlet.MockMvcPrintOnlyOnFailureTestExecutionListener@170f0fd6, org.springframework.boot.test.autoconfigure.web.servlet.WebDriverTestExecutionListener@48d24d63, org.springframework.boot.test.autoconfigure.webservices.client.MockWebServiceServerTestExecutionListener@695c8b32, org.springframework.boot.test.mock.mockito.ResetMocksTestExecutionListener@1adec8d]

  .   ____          _            __ _ _
 /\\ / ___'_ __ _ _(_)_ __  __ _ \ \ \ \
( ( )\___ | '_ | '_| | '_ \/ _` | \ \ \ \
 \\/  ___)| |_)| | | | | || (_| |  ) ) ) )
  '  |____| .__|_| |_|_| |_\__, | / / / /
 =========|_|==============|___/=/_/_/_/
 :: Spring Boot ::                (v2.7.9)

2023-06-15 10:33:03.494  INFO 112869 --- [    Test worker] com.example.demo.service.ServiceTest     : Starting ServiceTest using Java 19.0.2 on Fatih-PC with PID 112869 (started by fatih in /home/fatih/Bureau/Qualite_de_developpement-main)
2023-06-15 10:33:03.495  INFO 112869 --- [    Test worker] com.example.demo.service.ServiceTest     : No active profile set, falling back to 1 default profile: "default"
2023-06-15 10:33:03.844  INFO 112869 --- [    Test worker] .s.d.r.c.RepositoryConfigurationDelegate : Bootstrapping Spring Data JPA repositories in DEFAULT mode.
2023-06-15 10:33:03.862  INFO 112869 --- [    Test worker] .s.d.r.c.RepositoryConfigurationDelegate : Finished Spring Data repository scanning in 16 ms. Found 1 JPA repository interfaces.
2023-06-15 10:33:04.255  INFO 112869 --- [    Test worker] com.zaxxer.hikari.HikariDataSource       : HikariPool-3 - Starting...
2023-06-15 10:33:04.258  INFO 112869 --- [    Test worker] com.zaxxer.hikari.HikariDataSource       : HikariPool-3 - Start completed.
2023-06-15 10:33:04.279  INFO 112869 --- [    Test worker] o.hibernate.jpa.internal.util.LogHelper  : HHH000204: Processing PersistenceUnitInfo [name: default]
2023-06-15 10:33:04.288  INFO 112869 --- [    Test worker] org.hibernate.dialect.Dialect            : HHH000400: Using dialect: org.hibernate.dialect.H2Dialect
2023-06-15 10:33:04.359  INFO 112869 --- [    Test worker] o.h.e.t.j.p.i.JtaPlatformInitiator       : HHH000490: Using JtaPlatform implementation: [org.hibernate.engine.transaction.jta.platform.internal.NoJtaPlatform]
2023-06-15 10:33:04.360  INFO 112869 --- [    Test worker] j.LocalContainerEntityManagerFactoryBean : Initialized JPA EntityManagerFactory for persistence unit 'default'
2023-06-15 10:33:04.554  WARN 112869 --- [    Test worker] JpaBaseConfiguration$JpaWebConfiguration : spring.jpa.open-in-view is enabled by default. Therefore, database queries may be performed during view rendering. Explicitly configure spring.jpa.open-in-view to disable this warning
2023-06-15 10:33:05.280  INFO 112869 --- [    Test worker] com.example.demo.service.ServiceTest     : Started ServiceTest in 1.836 seconds (JVM running for 17.012)
]]></system-out>
  <system-err><![CDATA[]]></system-err>
</testsuite>
