<?xml version="1.0" encoding="UTF-8"?>
<testsuite name="com.example.demo.web.webTest" tests="2" skipped="0" failures="0" errors="0" timestamp="2023-06-15T08:33:07" hostname="Fatih-PC" time="0.291">
  <properties/>
  <testcase name="ajoutVoiture()" classname="com.example.demo.web.webTest" time="0.258"/>
  <testcase name="testSansVoiture()" classname="com.example.demo.web.webTest" time="0.03"/>
  <system-out><![CDATA[2023-06-15 10:33:05.362  INFO 112869 --- [    Test worker] .b.t.c.SpringBootTestContextBootstrapper : Neither @ContextConfiguration nor @ContextHierarchy found for test class [com.example.demo.web.webTest], using SpringBootContextLoader
2023-06-15 10:33:05.364  INFO 112869 --- [    Test worker] o.s.t.c.support.AbstractContextLoader    : Could not detect default resource locations for test class [com.example.demo.web.webTest]: no resource found for suffixes {-context.xml, Context.groovy}.
2023-06-15 10:33:05.365  INFO 112869 --- [    Test worker] t.c.s.AnnotationConfigContextLoaderUtils : Could not detect default configuration classes for test class [com.example.demo.web.webTest]: webTest does not declare any static, non-private, non-final, nested classes annotated with @Configuration.
2023-06-15 10:33:05.396  INFO 112869 --- [    Test worker] .b.t.c.SpringBootTestContextBootstrapper : Found @SpringBootConfiguration com.example.demo.DemoApplication for test class com.example.demo.web.webTest
2023-06-15 10:33:05.400  INFO 112869 --- [    Test worker] .b.t.c.SpringBootTestContextBootstrapper : Loaded default TestExecutionListener class names from location [META-INF/spring.factories]: [org.springframework.boot.test.autoconfigure.restdocs.RestDocsTestExecutionListener, org.springframework.boot.test.autoconfigure.web.client.MockRestServiceServerResetTestExecutionListener, org.springframework.boot.test.autoconfigure.web.servlet.MockMvcPrintOnlyOnFailureTestExecutionListener, org.springframework.boot.test.autoconfigure.web.servlet.WebDriverTestExecutionListener, org.springframework.boot.test.autoconfigure.webservices.client.MockWebServiceServerTestExecutionListener, org.springframework.boot.test.mock.mockito.MockitoTestExecutionListener, org.springframework.boot.test.mock.mockito.ResetMocksTestExecutionListener, org.springframework.test.context.web.ServletTestExecutionListener, org.springframework.test.context.support.DirtiesContextBeforeModesTestExecutionListener, org.springframework.test.context.event.ApplicationEventsTestExecutionListener, org.springframework.test.context.support.DependencyInjectionTestExecutionListener, org.springframework.test.context.support.DirtiesContextTestExecutionListener, org.springframework.test.context.transaction.TransactionalTestExecutionListener, org.springframework.test.context.jdbc.SqlScriptsTestExecutionListener, org.springframework.test.context.event.EventPublishingTestExecutionListener]
2023-06-15 10:33:05.401  INFO 112869 --- [    Test worker] .b.t.c.SpringBootTestContextBootstrapper : Using TestExecutionListeners: [org.springframework.test.context.web.ServletTestExecutionListener@40ed4674, org.springframework.test.context.support.DirtiesContextBeforeModesTestExecutionListener@2ef63b6d, org.springframework.test.context.event.ApplicationEventsTestExecutionListener@377cc0f8, org.springframework.boot.test.mock.mockito.MockitoTestExecutionListener@25c98637, org.springframework.boot.test.autoconfigure.SpringBootDependencyInjectionTestExecutionListener@fbdba1c, org.springframework.test.context.support.DirtiesContextTestExecutionListener@108fd5d5, org.springframework.test.context.transaction.TransactionalTestExecutionListener@4125bc3c, org.springframework.test.context.jdbc.SqlScriptsTestExecutionListener@28b47211, org.springframework.test.context.event.EventPublishingTestExecutionListener@4abb4041, org.springframework.boot.test.autoconfigure.restdocs.RestDocsTestExecutionListener@247415be, org.springframework.boot.test.autoconfigure.web.client.MockRestServiceServerResetTestExecutionListener@48dc9950, org.springframework.boot.test.autoconfigure.web.servlet.MockMvcPrintOnlyOnFailureTestExecutionListener@43735ea0, org.springframework.boot.test.autoconfigure.web.servlet.WebDriverTestExecutionListener@535aa7c7, org.springframework.boot.test.autoconfigure.webservices.client.MockWebServiceServerTestExecutionListener@578781f7, org.springframework.boot.test.mock.mockito.ResetMocksTestExecutionListener@7bbd944e]

  .   ____          _            __ _ _
 /\\ / ___'_ __ _ _(_)_ __  __ _ \ \ \ \
( ( )\___ | '_ | '_| | '_ \/ _` | \ \ \ \
 \\/  ___)| |_)| | | | | || (_| |  ) ) ) )
  '  |____| .__|_| |_|_| |_\__, | / / / /
 =========|_|==============|___/=/_/_/_/
 :: Spring Boot ::                (v2.7.9)

2023-06-15 10:33:05.472  INFO 112869 --- [    Test worker] com.example.demo.web.webTest             : Starting webTest using Java 19.0.2 on Fatih-PC with PID 112869 (started by fatih in /home/fatih/Bureau/Qualite_de_developpement-main)
2023-06-15 10:33:05.473  INFO 112869 --- [    Test worker] com.example.demo.web.webTest             : No active profile set, falling back to 1 default profile: "default"
2023-06-15 10:33:05.924  INFO 112869 --- [    Test worker] .s.d.r.c.RepositoryConfigurationDelegate : Bootstrapping Spring Data JPA repositories in DEFAULT mode.
2023-06-15 10:33:05.940  INFO 112869 --- [    Test worker] .s.d.r.c.RepositoryConfigurationDelegate : Finished Spring Data repository scanning in 14 ms. Found 1 JPA repository interfaces.
2023-06-15 10:33:06.341  INFO 112869 --- [    Test worker] com.zaxxer.hikari.HikariDataSource       : HikariPool-4 - Starting...
2023-06-15 10:33:06.344  INFO 112869 --- [    Test worker] com.zaxxer.hikari.HikariDataSource       : HikariPool-4 - Start completed.
2023-06-15 10:33:06.367  INFO 112869 --- [    Test worker] o.hibernate.jpa.internal.util.LogHelper  : HHH000204: Processing PersistenceUnitInfo [name: default]
2023-06-15 10:33:06.376  INFO 112869 --- [    Test worker] org.hibernate.dialect.Dialect            : HHH000400: Using dialect: org.hibernate.dialect.H2Dialect
2023-06-15 10:33:06.434  INFO 112869 --- [    Test worker] o.h.e.t.j.p.i.JtaPlatformInitiator       : HHH000490: Using JtaPlatform implementation: [org.hibernate.engine.transaction.jta.platform.internal.NoJtaPlatform]
2023-06-15 10:33:06.435  INFO 112869 --- [    Test worker] j.LocalContainerEntityManagerFactoryBean : Initialized JPA EntityManagerFactory for persistence unit 'default'
2023-06-15 10:33:06.637  WARN 112869 --- [    Test worker] JpaBaseConfiguration$JpaWebConfiguration : spring.jpa.open-in-view is enabled by default. Therefore, database queries may be performed during view rendering. Explicitly configure spring.jpa.open-in-view to disable this warning
2023-06-15 10:33:07.340  INFO 112869 --- [    Test worker] o.s.b.t.m.w.SpringBootMockServletContext : Initializing Spring TestDispatcherServlet ''
2023-06-15 10:33:07.341  INFO 112869 --- [    Test worker] o.s.t.web.servlet.TestDispatcherServlet  : Initializing Servlet ''
2023-06-15 10:33:07.344  INFO 112869 --- [    Test worker] o.s.t.web.servlet.TestDispatcherServlet  : Completed initialization in 2 ms
2023-06-15 10:33:07.361  INFO 112869 --- [    Test worker] com.example.demo.web.webTest             : Started webTest in 1.955 seconds (JVM running for 19.093)
]]></system-out>
  <system-err><![CDATA[]]></system-err>
</testsuite>
