<?xml version="1.0" encoding="UTF-8"?>
<testsuite name="com.example.demo.data.VoitureTest" tests="2" skipped="0" failures="0" errors="0" timestamp="2023-06-14T20:14:54" hostname="Fatih-PC" time="0.031">
  <properties/>
  <testcase name="voitureNonNull()" classname="com.example.demo.data.VoitureTest" time="0.016"/>
  <testcase name="creerVoiture()" classname="com.example.demo.data.VoitureTest" time="0.011"/>
  <system-out><![CDATA[2023-06-14 22:14:50.134  INFO 64039 --- [    Test worker] .b.t.c.SpringBootTestContextBootstrapper : Neither @ContextConfiguration nor @ContextHierarchy found for test class [com.example.demo.data.VoitureTest], using SpringBootContextLoader
2023-06-14 22:14:50.136  INFO 64039 --- [    Test worker] o.s.t.c.support.AbstractContextLoader    : Could not detect default resource locations for test class [com.example.demo.data.VoitureTest]: no resource found for suffixes {-context.xml, Context.groovy}.
2023-06-14 22:14:50.137  INFO 64039 --- [    Test worker] t.c.s.AnnotationConfigContextLoaderUtils : Could not detect default configuration classes for test class [com.example.demo.data.VoitureTest]: VoitureTest does not declare any static, non-private, non-final, nested classes annotated with @Configuration.
2023-06-14 22:14:50.142  INFO 64039 --- [    Test worker] .b.t.c.SpringBootTestContextBootstrapper : Found @SpringBootConfiguration com.example.demo.DemoApplication for test class com.example.demo.data.VoitureTest
2023-06-14 22:14:50.149  INFO 64039 --- [    Test worker] .b.t.c.SpringBootTestContextBootstrapper : Loaded default TestExecutionListener class names from location [META-INF/spring.factories]: [org.springframework.boot.test.autoconfigure.restdocs.RestDocsTestExecutionListener, org.springframework.boot.test.autoconfigure.web.client.MockRestServiceServerResetTestExecutionListener, org.springframework.boot.test.autoconfigure.web.servlet.MockMvcPrintOnlyOnFailureTestExecutionListener, org.springframework.boot.test.autoconfigure.web.servlet.WebDriverTestExecutionListener, org.springframework.boot.test.autoconfigure.webservices.client.MockWebServiceServerTestExecutionListener, org.springframework.boot.test.mock.mockito.MockitoTestExecutionListener, org.springframework.boot.test.mock.mockito.ResetMocksTestExecutionListener, org.springframework.test.context.web.ServletTestExecutionListener, org.springframework.test.context.support.DirtiesContextBeforeModesTestExecutionListener, org.springframework.test.context.event.ApplicationEventsTestExecutionListener, org.springframework.test.context.support.DependencyInjectionTestExecutionListener, org.springframework.test.context.support.DirtiesContextTestExecutionListener, org.springframework.test.context.transaction.TransactionalTestExecutionListener, org.springframework.test.context.jdbc.SqlScriptsTestExecutionListener, org.springframework.test.context.event.EventPublishingTestExecutionListener]
2023-06-14 22:14:50.158  INFO 64039 --- [    Test worker] .b.t.c.SpringBootTestContextBootstrapper : Using TestExecutionListeners: [org.springframework.test.context.web.ServletTestExecutionListener@6f695077, org.springframework.test.context.support.DirtiesContextBeforeModesTestExecutionListener@5b31a9e3, org.springframework.test.context.event.ApplicationEventsTestExecutionListener@282240, org.springframework.boot.test.mock.mockito.MockitoTestExecutionListener@3b590f6a, org.springframework.boot.test.autoconfigure.SpringBootDependencyInjectionTestExecutionListener@1e160a9e, org.springframework.test.context.support.DirtiesContextTestExecutionListener@483ed60e, org.springframework.test.context.transaction.TransactionalTestExecutionListener@9c5d76b, org.springframework.test.context.jdbc.SqlScriptsTestExecutionListener@7a14ab66, org.springframework.test.context.event.EventPublishingTestExecutionListener@54780c40, org.springframework.boot.test.autoconfigure.restdocs.RestDocsTestExecutionListener@6ac83e67, org.springframework.boot.test.autoconfigure.web.client.MockRestServiceServerResetTestExecutionListener@4d91d2da, org.springframework.boot.test.autoconfigure.web.servlet.MockMvcPrintOnlyOnFailureTestExecutionListener@12811f95, org.springframework.boot.test.autoconfigure.web.servlet.WebDriverTestExecutionListener@68f1b89, org.springframework.boot.test.autoconfigure.webservices.client.MockWebServiceServerTestExecutionListener@2d1f3639, org.springframework.boot.test.mock.mockito.ResetMocksTestExecutionListener@6e5b3642]

  .   ____          _            __ _ _
 /\\ / ___'_ __ _ _(_)_ __  __ _ \ \ \ \
( ( )\___ | '_ | '_| | '_ \/ _` | \ \ \ \
 \\/  ___)| |_)| | | | | || (_| |  ) ) ) )
  '  |____| .__|_| |_|_| |_\__, | / / / /
 =========|_|==============|___/=/_/_/_/
 :: Spring Boot ::                (v2.7.9)

2023-06-14 22:14:50.300  INFO 64039 --- [    Test worker] com.example.demo.data.VoitureTest        : Starting VoitureTest using Java 19.0.2 on Fatih-PC with PID 64039 (started by fatih in /home/fatih/Bureau/Qualite_de_developpement-main)
2023-06-14 22:14:50.301  INFO 64039 --- [    Test worker] com.example.demo.data.VoitureTest        : No active profile set, falling back to 1 default profile: "default"
2023-06-14 22:14:50.895  INFO 64039 --- [    Test worker] .s.d.r.c.RepositoryConfigurationDelegate : Bootstrapping Spring Data JPA repositories in DEFAULT mode.
2023-06-14 22:14:50.943  INFO 64039 --- [    Test worker] .s.d.r.c.RepositoryConfigurationDelegate : Finished Spring Data repository scanning in 45 ms. Found 1 JPA repository interfaces.
2023-06-14 22:14:51.507  INFO 64039 --- [    Test worker] com.zaxxer.hikari.HikariDataSource       : HikariPool-2 - Starting...
2023-06-14 22:14:51.512  INFO 64039 --- [    Test worker] com.zaxxer.hikari.HikariDataSource       : HikariPool-2 - Start completed.
2023-06-14 22:14:51.547  INFO 64039 --- [    Test worker] o.hibernate.jpa.internal.util.LogHelper  : HHH000204: Processing PersistenceUnitInfo [name: default]
2023-06-14 22:14:51.562  INFO 64039 --- [    Test worker] org.hibernate.dialect.Dialect            : HHH000400: Using dialect: org.hibernate.dialect.H2Dialect
2023-06-14 22:14:51.665  INFO 64039 --- [    Test worker] o.h.e.t.j.p.i.JtaPlatformInitiator       : HHH000490: Using JtaPlatform implementation: [org.hibernate.engine.transaction.jta.platform.internal.NoJtaPlatform]
2023-06-14 22:14:51.675  INFO 64039 --- [    Test worker] j.LocalContainerEntityManagerFactoryBean : Initialized JPA EntityManagerFactory for persistence unit 'default'
2023-06-14 22:14:53.277  WARN 64039 --- [    Test worker] JpaBaseConfiguration$JpaWebConfiguration : spring.jpa.open-in-view is enabled by default. Therefore, database queries may be performed during view rendering. Explicitly configure spring.jpa.open-in-view to disable this warning
2023-06-14 22:14:54.577  INFO 64039 --- [    Test worker] com.example.demo.data.VoitureTest        : Started VoitureTest in 4.406 seconds (JVM running for 22.161)
]]></system-out>
  <system-err><![CDATA[]]></system-err>
</testsuite>
